2018-03-03 17:38:22,553 [Worker-5] INFO  o.e.m.c.i.l.LifecycleMappingFactory - Using NULL lifecycle mapping for MavenProject: com.taotao:taotao-parent:0.0.1-SNAPSHOT @ E:\WorkSpace\Work\shopping\taotao-parent\pom.xml.
2018-03-03 17:39:01,611 [Worker-11] ERROR o.e.m.c.i.p.r.ProjectRegistryManager - Could not read pom.xml
org.eclipse.core.runtime.CoreException: Could not read pom.xml
	at org.eclipse.m2e.core.internal.embedder.MavenImpl.readModel(MavenImpl.java:565) ~[org.eclipse.m2e.core_1.6.2.20150902-0002.jar:na]
	at org.eclipse.m2e.core.internal.embedder.MavenImpl.readModel(MavenImpl.java:574) ~[org.eclipse.m2e.core_1.6.2.20150902-0002.jar:na]
	at org.eclipse.m2e.core.internal.project.registry.ProjectRegistryManager.refreshPhase2(ProjectRegistryManager.java:541) [org.eclipse.m2e.core_1.6.2.20150902-0002.jar:na]
	at org.eclipse.m2e.core.internal.project.registry.ProjectRegistryManager.refresh(ProjectRegistryManager.java:497) [org.eclipse.m2e.core_1.6.2.20150902-0002.jar:na]
	at org.eclipse.m2e.core.internal.project.registry.ProjectRegistryManager.refresh(ProjectRegistryManager.java:350) [org.eclipse.m2e.core_1.6.2.20150902-0002.jar:na]
	at org.eclipse.m2e.core.internal.project.registry.ProjectRegistryManager.refresh(ProjectRegistryManager.java:297) [org.eclipse.m2e.core_1.6.2.20150902-0002.jar:na]
	at org.eclipse.m2e.core.internal.builder.MavenBuilder$BuildMethod.getProjectFacade(MavenBuilder.java:154) [org.eclipse.m2e.core_1.6.2.20150902-0002.jar:na]
	at org.eclipse.m2e.core.internal.builder.MavenBuilder$BuildMethod$1.call(MavenBuilder.java:89) [org.eclipse.m2e.core_1.6.2.20150902-0002.jar:na]
	at org.eclipse.m2e.core.internal.embedder.MavenExecutionContext.executeBare(MavenExecutionContext.java:176) [org.eclipse.m2e.core_1.6.2.20150902-0002.jar:na]
	at org.eclipse.m2e.core.internal.embedder.MavenExecutionContext.execute(MavenExecutionContext.java:151) [org.eclipse.m2e.core_1.6.2.20150902-0002.jar:na]
	at org.eclipse.m2e.core.internal.embedder.MavenExecutionContext.execute(MavenExecutionContext.java:99) [org.eclipse.m2e.core_1.6.2.20150902-0002.jar:na]
	at org.eclipse.m2e.core.internal.builder.MavenBuilder$BuildMethod.execute(MavenBuilder.java:86) [org.eclipse.m2e.core_1.6.2.20150902-0002.jar:na]
	at org.eclipse.m2e.core.internal.builder.MavenBuilder.build(MavenBuilder.java:200) [org.eclipse.m2e.core_1.6.2.20150902-0002.jar:na]
	at org.eclipse.core.internal.events.BuildManager$2.run(BuildManager.java:734) [org.eclipse.core.resources_3.10.1.v20150725-1910.jar:na]
	at org.eclipse.core.runtime.SafeRunner.run(SafeRunner.java:42) [org.eclipse.equinox.common_3.7.0.v20150402-1709.jar:na]
	at org.eclipse.core.internal.events.BuildManager.basicBuild(BuildManager.java:205) [org.eclipse.core.resources_3.10.1.v20150725-1910.jar:na]
	at org.eclipse.core.internal.events.BuildManager.basicBuild(BuildManager.java:245) [org.eclipse.core.resources_3.10.1.v20150725-1910.jar:na]
	at org.eclipse.core.internal.events.BuildManager$1.run(BuildManager.java:300) [org.eclipse.core.resources_3.10.1.v20150725-1910.jar:na]
	at org.eclipse.core.runtime.SafeRunner.run(SafeRunner.java:42) [org.eclipse.equinox.common_3.7.0.v20150402-1709.jar:na]
	at org.eclipse.core.internal.events.BuildManager.basicBuild(BuildManager.java:303) [org.eclipse.core.resources_3.10.1.v20150725-1910.jar:na]
	at org.eclipse.core.internal.events.BuildManager.basicBuildLoop(BuildManager.java:359) [org.eclipse.core.resources_3.10.1.v20150725-1910.jar:na]
	at org.eclipse.core.internal.events.BuildManager.build(BuildManager.java:382) [org.eclipse.core.resources_3.10.1.v20150725-1910.jar:na]
	at org.eclipse.core.internal.events.AutoBuildJob.doBuild(AutoBuildJob.java:144) [org.eclipse.core.resources_3.10.1.v20150725-1910.jar:na]
	at org.eclipse.core.internal.events.AutoBuildJob.run(AutoBuildJob.java:235) [org.eclipse.core.resources_3.10.1.v20150725-1910.jar:na]
	at org.eclipse.core.internal.jobs.Worker.run(Worker.java:55) [org.eclipse.core.jobs_3.7.0.v20150330-2103.jar:na]
Caused by: java.io.EOFException: no more data available - expected end tags </dependency></dependencies></dependencyManagement></project> to close start tag <dependency> from line 60 and start tag <dependencies> from line 36 and start tag <dependencyManagement> from line 35 and start tag <project> from line 1, parser stopped on START_TAG seen ...<dependency>\r\n... @61:1
	at org.codehaus.plexus.util.xml.pull.MXParser.fillBuf(MXParser.java:3069) ~[plexus-utils-3.0.20.jar:na]
	at org.codehaus.plexus.util.xml.pull.MXParser.more(MXParser.java:3080) ~[plexus-utils-3.0.20.jar:na]
	at org.codehaus.plexus.util.xml.pull.MXParser.nextImpl(MXParser.java:1425) ~[plexus-utils-3.0.20.jar:na]
	at org.codehaus.plexus.util.xml.pull.MXParser.next(MXParser.java:1131) ~[plexus-utils-3.0.20.jar:na]
	at org.codehaus.plexus.util.xml.pull.MXParser.nextTag(MXParser.java:1116) ~[plexus-utils-3.0.20.jar:na]
	at org.apache.maven.model.io.xpp3.MavenXpp3Reader.parseDependency(MavenXpp3Reader.java:1312) ~[maven-model-3.3.3.jar:3.3.3]
	at org.apache.maven.model.io.xpp3.MavenXpp3Reader.parseDependencyManagement(MavenXpp3Reader.java:1409) ~[maven-model-3.3.3.jar:3.3.3]
	at org.apache.maven.model.io.xpp3.MavenXpp3Reader.parseModel(MavenXpp3Reader.java:2187) ~[maven-model-3.3.3.jar:3.3.3]
	at org.apache.maven.model.io.xpp3.MavenXpp3Reader.read(MavenXpp3Reader.java:3807) ~[maven-model-3.3.3.jar:3.3.3]
	at org.apache.maven.model.io.xpp3.MavenXpp3Reader.read(MavenXpp3Reader.java:557) ~[maven-model-3.3.3.jar:3.3.3]
	at org.apache.maven.model.io.DefaultModelReader.read(DefaultModelReader.java:125) ~[maven-model-builder-3.3.3.jar:3.3.3]
	at org.apache.maven.model.io.DefaultModelReader.read(DefaultModelReader.java:94) ~[maven-model-builder-3.3.3.jar:3.3.3]
	at org.eclipse.m2e.core.internal.embedder.MavenImpl.readModel(MavenImpl.java:563) ~[org.eclipse.m2e.core_1.6.2.20150902-0002.jar:na]
	... 24 common frames omitted
2018-03-03 17:42:39,856 [Worker-1] INFO  o.e.m.c.i.l.LifecycleMappingFactory - Using NULL lifecycle mapping for MavenProject: com.taotao:taotao-parent:0.0.1-SNAPSHOT @ E:\WorkSpace\Work\shopping\taotao-parent\pom.xml.
2018-03-03 17:43:13,841 [Worker-16] INFO  o.e.m.c.i.l.LifecycleMappingFactory - Using NULL lifecycle mapping for MavenProject: com.taotao:taotao-parent:0.0.1-SNAPSHOT @ E:\WorkSpace\Work\shopping\taotao-parent\pom.xml.
2018-03-03 17:43:21,544 [Worker-6] INFO  o.e.m.c.i.l.LifecycleMappingFactory - Using NULL lifecycle mapping for MavenProject: com.taotao:taotao-parent:0.0.1-SNAPSHOT @ E:\WorkSpace\Work\shopping\taotao-parent\pom.xml.
2018-03-03 17:43:43,776 [Worker-4] INFO  o.e.m.c.i.l.LifecycleMappingFactory - Using NULL lifecycle mapping for MavenProject: com.taotao:taotao-parent:0.0.1-SNAPSHOT @ E:\WorkSpace\Work\shopping\taotao-parent\pom.xml.
2018-03-03 17:44:24,745 [Worker-4] INFO  o.e.m.c.i.l.LifecycleMappingFactory - Using org.eclipse.m2e.jdt.JarLifecycleMapping lifecycle mapping for MavenProject: com.taotao:taotao-common:0.0.1-SNAPSHOT @ E:\WorkSpace\Work\shopping\taotao-common\pom.xml.
2018-03-03 17:44:25,327 [Worker-4] INFO  o.e.m.j.i.AbstractJavaProjectConfigurator - Adding source folder /taotao-common/src/main/java
2018-03-03 17:44:25,328 [Worker-4] INFO  o.e.m.j.i.AbstractJavaProjectConfigurator - Adding resource folder /taotao-common/src/main/resources
2018-03-03 17:44:25,336 [Worker-4] INFO  o.e.m.j.i.AbstractJavaProjectConfigurator - Adding source folder /taotao-common/src/test/java
2018-03-03 17:44:25,337 [Worker-4] INFO  o.e.m.j.i.AbstractJavaProjectConfigurator - Adding resource folder /taotao-common/src/test/resources
2018-03-03 17:44:25,778 [Worker-4] INFO  o.e.m.c.i.embedder.EclipseLogger - Using 'UTF-8' encoding to copy filtered resources.
2018-03-03 17:44:25,782 [Worker-4] INFO  o.e.m.c.i.embedder.EclipseLogger - Copying 0 resource
2018-03-03 17:44:25,783 [Worker-4] INFO  o.e.m.c.i.embedder.EclipseLogger - Using 'UTF-8' encoding to copy filtered resources.
2018-03-03 17:44:25,784 [Worker-4] INFO  o.e.m.c.i.embedder.EclipseLogger - Copying 0 resource
2018-03-04 10:18:53,685 [Worker-10] INFO  o.e.m.c.i.l.LifecycleMappingFactory - Using org.eclipse.m2e.jdt.JarLifecycleMapping lifecycle mapping for MavenProject: com.taotao:taotao-common:0.0.1-SNAPSHOT @ E:\WorkSpace\Work\shopping\taotao-common\pom.xml.
2018-03-04 10:18:54,843 [Worker-10] WARN  o.e.m.c.i.embedder.EclipseLogger - The artifact org.apache.commons:commons-io:jar:1.3.2 has been relocated to commons-io:commons-io:jar:1.3.2
2018-03-04 10:18:56,080 [Worker-10] INFO  o.e.m.c.i.embedder.EclipseLogger - Using 'UTF-8' encoding to copy filtered resources.
2018-03-04 10:18:56,109 [Worker-10] INFO  o.e.m.c.i.embedder.EclipseLogger - Copying 0 resource
2018-03-04 10:18:56,112 [Worker-10] INFO  o.e.m.c.i.embedder.EclipseLogger - Using 'UTF-8' encoding to copy filtered resources.
2018-03-04 10:18:56,150 [Worker-10] INFO  o.e.m.c.i.embedder.EclipseLogger - Copying 0 resource
2018-03-04 10:18:57,307 [Worker-10] WARN  o.e.m.c.i.embedder.EclipseLogger - The artifact org.apache.commons:commons-io:jar:1.3.2 has been relocated to commons-io:commons-io:jar:1.3.2
2018-03-04 10:18:57,965 [Worker-6] INFO  o.e.m.c.i.l.LifecycleMappingFactory - Using org.eclipse.m2e.jdt.JarLifecycleMapping lifecycle mapping for MavenProject: com.taotao:taotao-common:0.0.1-SNAPSHOT @ E:\WorkSpace\Work\shopping\taotao-common\pom.xml.
2018-03-04 10:18:58,081 [Worker-6] WARN  o.e.m.c.i.embedder.EclipseLogger - The artifact org.apache.commons:commons-io:jar:1.3.2 has been relocated to commons-io:commons-io:jar:1.3.2
2018-03-04 10:18:59,002 [Worker-6] INFO  o.e.m.c.i.embedder.EclipseLogger - Using 'UTF-8' encoding to copy filtered resources.
2018-03-04 10:18:59,007 [Worker-6] INFO  o.e.m.c.i.embedder.EclipseLogger - Copying 0 resource
2018-03-04 10:18:59,009 [Worker-6] INFO  o.e.m.c.i.embedder.EclipseLogger - Using 'UTF-8' encoding to copy filtered resources.
2018-03-04 10:18:59,010 [Worker-6] INFO  o.e.m.c.i.embedder.EclipseLogger - Copying 0 resource
2018-03-04 10:19:41,179 [Worker-11] INFO  o.e.m.c.i.l.LifecycleMappingFactory - Using NULL lifecycle mapping for MavenProject: com.taotao:taotao-manager:0.0.1-SNAPSHOT @ E:\WorkSpace\Work\shopping\taotao-manager\pom.xml.
2018-03-04 10:20:04,954 [Worker-7] INFO  o.e.m.c.i.l.LifecycleMappingFactory - Using NULL lifecycle mapping for MavenProject: com.taotao:taotao-manager:0.0.1-SNAPSHOT @ E:\WorkSpace\Work\shopping\taotao-manager\pom.xml.
2018-03-04 10:20:59,109 [Worker-14] INFO  o.e.m.c.i.l.LifecycleMappingFactory - Using org.eclipse.m2e.jdt.JarLifecycleMapping lifecycle mapping for MavenProject: com.taotao:taotao-manager-pojo:0.0.1-SNAPSHOT @ E:\WorkSpace\Work\shopping\taotao-manager\taotao-manager-pojo\pom.xml.
2018-03-04 10:20:59,326 [Worker-14] INFO  o.e.m.j.i.AbstractJavaProjectConfigurator - Adding source folder /taotao-manager-pojo/src/main/java
2018-03-04 10:20:59,326 [Worker-14] INFO  o.e.m.j.i.AbstractJavaProjectConfigurator - Adding resource folder /taotao-manager-pojo/src/main/resources
2018-03-04 10:20:59,333 [Worker-14] INFO  o.e.m.j.i.AbstractJavaProjectConfigurator - Adding source folder /taotao-manager-pojo/src/test/java
2018-03-04 10:20:59,333 [Worker-14] INFO  o.e.m.j.i.AbstractJavaProjectConfigurator - Adding resource folder /taotao-manager-pojo/src/test/resources
2018-03-04 10:20:59,895 [Worker-11] INFO  o.e.m.c.i.l.LifecycleMappingFactory - Using NULL lifecycle mapping for MavenProject: com.taotao:taotao-manager:0.0.1-SNAPSHOT @ E:\WorkSpace\Work\shopping\taotao-manager\pom.xml.
2018-03-04 10:21:00,111 [Worker-11] INFO  o.e.m.c.i.l.LifecycleMappingFactory - Using org.eclipse.m2e.jdt.JarLifecycleMapping lifecycle mapping for MavenProject: com.taotao:taotao-manager-pojo:0.0.1-SNAPSHOT @ E:\WorkSpace\Work\shopping\taotao-manager\taotao-manager-pojo\pom.xml.
2018-03-04 10:21:00,495 [Worker-11] INFO  o.e.m.c.i.embedder.EclipseLogger - Using 'UTF-8' encoding to copy filtered resources.
2018-03-04 10:21:00,495 [Worker-11] INFO  o.e.m.c.i.embedder.EclipseLogger - Copying 0 resource
2018-03-04 10:21:00,497 [Worker-11] INFO  o.e.m.c.i.embedder.EclipseLogger - Using 'UTF-8' encoding to copy filtered resources.
2018-03-04 10:21:00,497 [Worker-11] INFO  o.e.m.c.i.embedder.EclipseLogger - Copying 0 resource
2018-03-04 10:21:57,345 [Worker-5] INFO  o.e.m.c.i.l.LifecycleMappingFactory - Using org.eclipse.m2e.jdt.JarLifecycleMapping lifecycle mapping for MavenProject: com.taotao:taotao-manager-mapper:0.0.1-SNAPSHOT @ E:\WorkSpace\Work\shopping\taotao-manager\taotao-manager-mapper\pom.xml.
2018-03-04 10:21:57,524 [Worker-5] INFO  o.e.m.j.i.AbstractJavaProjectConfigurator - Adding source folder /taotao-manager-mapper/src/main/java
2018-03-04 10:21:57,524 [Worker-5] INFO  o.e.m.j.i.AbstractJavaProjectConfigurator - Adding resource folder /taotao-manager-mapper/src/main/resources
2018-03-04 10:21:57,531 [Worker-5] INFO  o.e.m.j.i.AbstractJavaProjectConfigurator - Adding source folder /taotao-manager-mapper/src/test/java
2018-03-04 10:21:57,531 [Worker-5] INFO  o.e.m.j.i.AbstractJavaProjectConfigurator - Adding resource folder /taotao-manager-mapper/src/test/resources
2018-03-04 10:21:57,821 [Worker-7] INFO  o.e.m.c.i.l.LifecycleMappingFactory - Using NULL lifecycle mapping for MavenProject: com.taotao:taotao-manager:0.0.1-SNAPSHOT @ E:\WorkSpace\Work\shopping\taotao-manager\pom.xml.
2018-03-04 10:21:57,982 [Worker-7] INFO  o.e.m.c.i.l.LifecycleMappingFactory - Using org.eclipse.m2e.jdt.JarLifecycleMapping lifecycle mapping for MavenProject: com.taotao:taotao-manager-pojo:0.0.1-SNAPSHOT @ E:\WorkSpace\Work\shopping\taotao-manager\taotao-manager-pojo\pom.xml.
2018-03-04 10:21:58,039 [Worker-7] INFO  o.e.m.c.i.l.LifecycleMappingFactory - Using org.eclipse.m2e.jdt.JarLifecycleMapping lifecycle mapping for MavenProject: com.taotao:taotao-manager-mapper:0.0.1-SNAPSHOT @ E:\WorkSpace\Work\shopping\taotao-manager\taotao-manager-mapper\pom.xml.
2018-03-04 10:21:58,384 [Worker-7] INFO  o.e.m.c.i.embedder.EclipseLogger - Using 'UTF-8' encoding to copy filtered resources.
2018-03-04 10:21:58,385 [Worker-7] INFO  o.e.m.c.i.embedder.EclipseLogger - Copying 0 resource
2018-03-04 10:21:58,386 [Worker-7] INFO  o.e.m.c.i.embedder.EclipseLogger - Using 'UTF-8' encoding to copy filtered resources.
2018-03-04 10:21:58,386 [Worker-7] INFO  o.e.m.c.i.embedder.EclipseLogger - Copying 0 resource
2018-03-04 10:21:58,572 [Worker-7] INFO  o.e.m.c.i.embedder.EclipseLogger - Using 'UTF-8' encoding to copy filtered resources.
2018-03-04 10:21:58,573 [Worker-7] INFO  o.e.m.c.i.embedder.EclipseLogger - Copying 0 resource
2018-03-04 10:21:58,574 [Worker-7] INFO  o.e.m.c.i.embedder.EclipseLogger - Using 'UTF-8' encoding to copy filtered resources.
2018-03-04 10:21:58,574 [Worker-7] INFO  o.e.m.c.i.embedder.EclipseLogger - Copying 0 resource
2018-03-04 10:22:50,654 [Worker-12] INFO  o.e.m.c.i.l.LifecycleMappingFactory - Using org.eclipse.m2e.jdt.JarLifecycleMapping lifecycle mapping for MavenProject: com.taotao:taotao-manager-mapper:0.0.1-SNAPSHOT @ E:\WorkSpace\Work\shopping\taotao-manager\taotao-manager-mapper\pom.xml.
2018-03-04 10:22:51,393 [Worker-12] INFO  o.e.m.c.i.embedder.EclipseLogger - Using 'UTF-8' encoding to copy filtered resources.
2018-03-04 10:22:51,394 [Worker-12] INFO  o.e.m.c.i.embedder.EclipseLogger - Copying 0 resource
2018-03-04 10:22:51,395 [Worker-12] INFO  o.e.m.c.i.embedder.EclipseLogger - Using 'UTF-8' encoding to copy filtered resources.
2018-03-04 10:22:51,395 [Worker-12] INFO  o.e.m.c.i.embedder.EclipseLogger - Copying 0 resource
2018-03-04 10:22:52,772 [Worker-3] INFO  o.e.m.c.i.embedder.EclipseLogger - Using 'UTF-8' encoding to copy filtered resources.
2018-03-04 10:22:52,772 [Worker-3] INFO  o.e.m.c.i.embedder.EclipseLogger - Copying 0 resource
2018-03-04 10:22:52,773 [Worker-3] INFO  o.e.m.c.i.embedder.EclipseLogger - Using 'UTF-8' encoding to copy filtered resources.
2018-03-04 10:22:52,773 [Worker-3] INFO  o.e.m.c.i.embedder.EclipseLogger - Copying 0 resource
2018-03-04 10:23:01,642 [Worker-14] INFO  o.e.m.c.i.l.LifecycleMappingFactory - Using org.eclipse.m2e.jdt.JarLifecycleMapping lifecycle mapping for MavenProject: com.taotao:taotao-manager-mapper:0.0.1-SNAPSHOT @ E:\WorkSpace\Work\shopping\taotao-manager\taotao-manager-mapper\pom.xml.
2018-03-04 10:23:01,875 [Worker-14] INFO  o.e.m.c.i.embedder.EclipseLogger - Using 'UTF-8' encoding to copy filtered resources.
2018-03-04 10:23:01,875 [Worker-14] INFO  o.e.m.c.i.embedder.EclipseLogger - Copying 0 resource
2018-03-04 10:23:01,877 [Worker-14] INFO  o.e.m.c.i.embedder.EclipseLogger - Using 'UTF-8' encoding to copy filtered resources.
2018-03-04 10:23:01,877 [Worker-14] INFO  o.e.m.c.i.embedder.EclipseLogger - Copying 0 resource
2018-03-04 10:23:22,250 [Worker-10] INFO  o.e.m.c.i.l.LifecycleMappingFactory - Using org.eclipse.m2e.jdt.JarLifecycleMapping lifecycle mapping for MavenProject: com.taotao:taotao-manager-Service:0.0.1-SNAPSHOT @ E:\WorkSpace\Work\shopping\taotao-manager\taotao-manager-Service\pom.xml.
2018-03-04 10:23:22,414 [Worker-10] INFO  o.e.m.j.i.AbstractJavaProjectConfigurator - Adding source folder /taotao-manager-Service/src/main/java
2018-03-04 10:23:22,414 [Worker-10] INFO  o.e.m.j.i.AbstractJavaProjectConfigurator - Adding resource folder /taotao-manager-Service/src/main/resources
2018-03-04 10:23:22,420 [Worker-10] INFO  o.e.m.j.i.AbstractJavaProjectConfigurator - Adding source folder /taotao-manager-Service/src/test/java
2018-03-04 10:23:22,421 [Worker-10] INFO  o.e.m.j.i.AbstractJavaProjectConfigurator - Adding resource folder /taotao-manager-Service/src/test/resources
2018-03-04 10:23:22,728 [Worker-11] INFO  o.e.m.c.i.l.LifecycleMappingFactory - Using NULL lifecycle mapping for MavenProject: com.taotao:taotao-manager:0.0.1-SNAPSHOT @ E:\WorkSpace\Work\shopping\taotao-manager\pom.xml.
2018-03-04 10:23:22,872 [Worker-11] INFO  o.e.m.c.i.l.LifecycleMappingFactory - Using org.eclipse.m2e.jdt.JarLifecycleMapping lifecycle mapping for MavenProject: com.taotao:taotao-manager-pojo:0.0.1-SNAPSHOT @ E:\WorkSpace\Work\shopping\taotao-manager\taotao-manager-pojo\pom.xml.
2018-03-04 10:23:22,930 [Worker-11] INFO  o.e.m.c.i.l.LifecycleMappingFactory - Using org.eclipse.m2e.jdt.JarLifecycleMapping lifecycle mapping for MavenProject: com.taotao:taotao-manager-mapper:0.0.1-SNAPSHOT @ E:\WorkSpace\Work\shopping\taotao-manager\taotao-manager-mapper\pom.xml.
2018-03-04 10:23:23,038 [Worker-11] INFO  o.e.m.c.i.l.LifecycleMappingFactory - Using org.eclipse.m2e.jdt.JarLifecycleMapping lifecycle mapping for MavenProject: com.taotao:taotao-manager-Service:0.0.1-SNAPSHOT @ E:\WorkSpace\Work\shopping\taotao-manager\taotao-manager-Service\pom.xml.
2018-03-04 10:23:23,361 [Worker-11] INFO  o.e.m.c.i.embedder.EclipseLogger - Using 'UTF-8' encoding to copy filtered resources.
2018-03-04 10:23:23,362 [Worker-11] INFO  o.e.m.c.i.embedder.EclipseLogger - Copying 0 resource
2018-03-04 10:23:23,364 [Worker-11] INFO  o.e.m.c.i.embedder.EclipseLogger - Using 'UTF-8' encoding to copy filtered resources.
2018-03-04 10:23:23,364 [Worker-11] INFO  o.e.m.c.i.embedder.EclipseLogger - Copying 0 resource
2018-03-04 10:23:23,518 [Worker-11] INFO  o.e.m.c.i.embedder.EclipseLogger - Using 'UTF-8' encoding to copy filtered resources.
2018-03-04 10:23:23,518 [Worker-11] INFO  o.e.m.c.i.embedder.EclipseLogger - Copying 0 resource
2018-03-04 10:23:23,519 [Worker-11] INFO  o.e.m.c.i.embedder.EclipseLogger - Using 'UTF-8' encoding to copy filtered resources.
2018-03-04 10:23:23,519 [Worker-11] INFO  o.e.m.c.i.embedder.EclipseLogger - Copying 0 resource
2018-03-04 10:23:23,710 [Worker-11] INFO  o.e.m.c.i.embedder.EclipseLogger - Using 'UTF-8' encoding to copy filtered resources.
2018-03-04 10:23:23,710 [Worker-11] INFO  o.e.m.c.i.embedder.EclipseLogger - Copying 0 resource
2018-03-04 10:23:23,711 [Worker-11] INFO  o.e.m.c.i.embedder.EclipseLogger - Using 'UTF-8' encoding to copy filtered resources.
2018-03-04 10:23:23,711 [Worker-11] INFO  o.e.m.c.i.embedder.EclipseLogger - Copying 0 resource
2018-03-04 10:24:04,436 [Worker-0] INFO  o.e.m.c.i.l.LifecycleMappingFactory - Using org.eclipse.m2e.jdt.JarLifecycleMapping lifecycle mapping for MavenProject: com.taotao:taotao-manager-service:0.0.1-SNAPSHOT @ E:\WorkSpace\Work\shopping\taotao-manager\taotao-manager-Service\pom.xml.
2018-03-04 10:24:05,563 [Worker-0] INFO  o.e.m.c.i.embedder.EclipseLogger - Using 'UTF-8' encoding to copy filtered resources.
2018-03-04 10:24:05,563 [Worker-0] INFO  o.e.m.c.i.embedder.EclipseLogger - Copying 0 resource
2018-03-04 10:24:05,564 [Worker-0] INFO  o.e.m.c.i.embedder.EclipseLogger - Using 'UTF-8' encoding to copy filtered resources.
2018-03-04 10:24:05,564 [Worker-0] INFO  o.e.m.c.i.embedder.EclipseLogger - Copying 0 resource
2018-03-04 10:24:07,038 [Worker-17] INFO  o.e.m.c.i.embedder.EclipseLogger - Using 'UTF-8' encoding to copy filtered resources.
2018-03-04 10:24:07,039 [Worker-17] INFO  o.e.m.c.i.embedder.EclipseLogger - Copying 0 resource
2018-03-04 10:24:07,040 [Worker-17] INFO  o.e.m.c.i.embedder.EclipseLogger - Using 'UTF-8' encoding to copy filtered resources.
2018-03-04 10:24:07,040 [Worker-17] INFO  o.e.m.c.i.embedder.EclipseLogger - Copying 0 resource
2018-03-04 10:25:11,082 [Worker-10] INFO  o.e.m.c.i.l.LifecycleMappingFactory - Using org.maven.ide.eclipse.wtp.WarLifecycleMapping lifecycle mapping for MavenProject: com.taotao:taotao-manager-web:0.0.1-SNAPSHOT @ E:\WorkSpace\Work\shopping\taotao-manager\taotao-manager-web\pom.xml.
2018-03-04 10:25:12,097 [Worker-10] INFO  o.e.m.j.i.AbstractJavaProjectConfigurator - Adding source folder /taotao-manager-web/src/main/java
2018-03-04 10:25:12,097 [Worker-10] INFO  o.e.m.j.i.AbstractJavaProjectConfigurator - Adding resource folder /taotao-manager-web/src/main/resources
2018-03-04 10:25:12,103 [Worker-10] INFO  o.e.m.j.i.AbstractJavaProjectConfigurator - Adding source folder /taotao-manager-web/src/test/java
2018-03-04 10:25:12,104 [Worker-10] INFO  o.e.m.j.i.AbstractJavaProjectConfigurator - Adding resource folder /taotao-manager-web/src/test/resources
2018-03-04 10:25:13,085 [Worker-10] WARN  o.e.m.c.i.embedder.EclipseLogger - The artifact org.apache.commons:commons-io:jar:1.3.2 has been relocated to commons-io:commons-io:jar:1.3.2
2018-03-04 10:25:14,624 [Worker-15] INFO  o.e.m.c.i.l.LifecycleMappingFactory - Using NULL lifecycle mapping for MavenProject: com.taotao:taotao-manager:0.0.1-SNAPSHOT @ E:\WorkSpace\Work\shopping\taotao-manager\pom.xml.
2018-03-04 10:25:14,771 [Worker-15] INFO  o.e.m.c.i.l.LifecycleMappingFactory - Using org.eclipse.m2e.jdt.JarLifecycleMapping lifecycle mapping for MavenProject: com.taotao:taotao-manager-pojo:0.0.1-SNAPSHOT @ E:\WorkSpace\Work\shopping\taotao-manager\taotao-manager-pojo\pom.xml.
2018-03-04 10:25:14,832 [Worker-15] INFO  o.e.m.c.i.l.LifecycleMappingFactory - Using org.eclipse.m2e.jdt.JarLifecycleMapping lifecycle mapping for MavenProject: com.taotao:taotao-manager-mapper:0.0.1-SNAPSHOT @ E:\WorkSpace\Work\shopping\taotao-manager\taotao-manager-mapper\pom.xml.
2018-03-04 10:25:14,960 [Worker-15] INFO  o.e.m.c.i.l.LifecycleMappingFactory - Using org.eclipse.m2e.jdt.JarLifecycleMapping lifecycle mapping for MavenProject: com.taotao:taotao-manager-service:0.0.1-SNAPSHOT @ E:\WorkSpace\Work\shopping\taotao-manager\taotao-manager-Service\pom.xml.
2018-03-04 10:25:15,108 [Worker-15] INFO  o.e.m.c.i.l.LifecycleMappingFactory - Using org.maven.ide.eclipse.wtp.WarLifecycleMapping lifecycle mapping for MavenProject: com.taotao:taotao-manager-web:0.0.1-SNAPSHOT @ E:\WorkSpace\Work\shopping\taotao-manager\taotao-manager-web\pom.xml.
2018-03-04 10:25:16,650 [Worker-14] INFO  o.e.m.c.i.embedder.EclipseLogger - Using 'UTF-8' encoding to copy filtered resources.
2018-03-04 10:25:16,651 [Worker-14] INFO  o.e.m.c.i.embedder.EclipseLogger - Copying 0 resource
2018-03-04 10:25:16,652 [Worker-14] INFO  o.e.m.c.i.embedder.EclipseLogger - Using 'UTF-8' encoding to copy filtered resources.
2018-03-04 10:25:16,652 [Worker-14] INFO  o.e.m.c.i.embedder.EclipseLogger - Copying 0 resource
2018-03-04 10:25:16,926 [Worker-14] INFO  o.e.m.c.i.embedder.EclipseLogger - Using 'UTF-8' encoding to copy filtered resources.
2018-03-04 10:25:16,927 [Worker-14] INFO  o.e.m.c.i.embedder.EclipseLogger - Copying 0 resource
2018-03-04 10:25:16,928 [Worker-14] INFO  o.e.m.c.i.embedder.EclipseLogger - Using 'UTF-8' encoding to copy filtered resources.
2018-03-04 10:25:16,928 [Worker-14] INFO  o.e.m.c.i.embedder.EclipseLogger - Copying 0 resource
2018-03-04 10:25:17,121 [Worker-14] INFO  o.e.m.c.i.embedder.EclipseLogger - Using 'UTF-8' encoding to copy filtered resources.
2018-03-04 10:25:17,121 [Worker-14] INFO  o.e.m.c.i.embedder.EclipseLogger - Copying 0 resource
2018-03-04 10:25:17,123 [Worker-14] INFO  o.e.m.c.i.embedder.EclipseLogger - Using 'UTF-8' encoding to copy filtered resources.
2018-03-04 10:25:17,123 [Worker-14] INFO  o.e.m.c.i.embedder.EclipseLogger - Copying 0 resource
2018-03-04 10:25:17,386 [Worker-14] INFO  o.e.m.c.i.embedder.EclipseLogger - Using 'UTF-8' encoding to copy filtered resources.
2018-03-04 10:25:17,386 [Worker-14] INFO  o.e.m.c.i.embedder.EclipseLogger - Copying 0 resource
2018-03-04 10:25:17,387 [Worker-14] INFO  o.e.m.c.i.embedder.EclipseLogger - Using 'UTF-8' encoding to copy filtered resources.
2018-03-04 10:25:17,388 [Worker-14] INFO  o.e.m.c.i.embedder.EclipseLogger - Copying 0 resource
2018-03-04 10:25:17,586 [Worker-14] INFO  o.e.m.c.i.embedder.EclipseLogger - Using 'UTF-8' encoding to copy filtered resources.
2018-03-04 10:25:17,586 [Worker-14] INFO  o.e.m.c.i.embedder.EclipseLogger - Copying 0 resource
2018-03-04 10:25:17,587 [Worker-14] INFO  o.e.m.c.i.embedder.EclipseLogger - Using 'UTF-8' encoding to copy filtered resources.
2018-03-04 10:25:17,588 [Worker-14] INFO  o.e.m.c.i.embedder.EclipseLogger - Copying 0 resource
2018-03-04 10:26:00,564 [Worker-0] INFO  o.e.m.c.i.l.LifecycleMappingFactory - Using org.maven.ide.eclipse.wtp.WarLifecycleMapping lifecycle mapping for MavenProject: com.taotao:taotao-manager-web:0.0.1-SNAPSHOT @ E:\WorkSpace\Work\shopping\taotao-manager\taotao-manager-web\pom.xml.
2018-03-04 10:26:01,274 [Worker-0] WARN  o.e.m.c.i.embedder.EclipseLogger - The artifact org.apache.commons:commons-io:jar:1.3.2 has been relocated to commons-io:commons-io:jar:1.3.2
2018-03-04 10:26:02,113 [Worker-0] INFO  o.e.m.c.i.embedder.EclipseLogger - Using 'UTF-8' encoding to copy filtered resources.
2018-03-04 10:26:02,113 [Worker-0] INFO  o.e.m.c.i.embedder.EclipseLogger - Copying 0 resource
2018-03-04 10:26:02,114 [Worker-0] INFO  o.e.m.c.i.embedder.EclipseLogger - Using 'UTF-8' encoding to copy filtered resources.
2018-03-04 10:26:02,114 [Worker-0] INFO  o.e.m.c.i.embedder.EclipseLogger - Copying 0 resource
2018-03-04 10:26:02,114 [Worker-0] INFO  o.e.m.w.i.f.ResourceFilteringBuildParticipant - Changed resources require a complete clean of filtered resources of taotao-manager-web
2018-03-04 10:26:02,124 [Worker-0] INFO  o.e.m.w.i.f.ResourceFilteringBuildParticipant - Executing resource filtering for taotao-manager-web
2018-03-04 10:26:02,128 [Worker-0] INFO  o.e.m.c.i.embedder.EclipseLogger - Using 'UTF-8' encoding to copy filtered resources.
2018-03-04 10:26:03,362 [Worker-3] INFO  o.e.m.c.i.embedder.EclipseLogger - Using 'UTF-8' encoding to copy filtered resources.
2018-03-04 10:26:03,362 [Worker-3] INFO  o.e.m.c.i.embedder.EclipseLogger - Copying 0 resource
2018-03-04 10:26:03,363 [Worker-3] INFO  o.e.m.c.i.embedder.EclipseLogger - Using 'UTF-8' encoding to copy filtered resources.
2018-03-04 10:26:03,363 [Worker-3] INFO  o.e.m.c.i.embedder.EclipseLogger - Copying 0 resource
2018-03-04 10:26:03,372 [Worker-3] INFO  o.e.m.c.i.embedder.EclipseLogger - Using 'UTF-8' encoding to copy filtered resources.
2018-03-04 10:26:03,372 [Worker-3] INFO  o.e.m.c.i.embedder.EclipseLogger - Copying 0 resource
2018-03-04 10:26:03,373 [Worker-3] INFO  o.e.m.c.i.embedder.EclipseLogger - Using 'UTF-8' encoding to copy filtered resources.
2018-03-04 10:26:03,373 [Worker-3] INFO  o.e.m.c.i.embedder.EclipseLogger - Copying 0 resource
2018-03-04 10:26:03,665 [Worker-3] INFO  o.e.m.c.i.embedder.EclipseLogger - Using 'UTF-8' encoding to copy filtered resources.
2018-03-04 10:26:03,665 [Worker-3] INFO  o.e.m.c.i.embedder.EclipseLogger - Copying 0 resource
2018-03-04 10:26:03,666 [Worker-3] INFO  o.e.m.c.i.embedder.EclipseLogger - Using 'UTF-8' encoding to copy filtered resources.
2018-03-04 10:26:03,667 [Worker-3] INFO  o.e.m.c.i.embedder.EclipseLogger - Copying 0 resource
2018-03-04 10:26:37,885 [Worker-17] INFO  o.e.m.c.i.embedder.EclipseLogger - Using 'UTF-8' encoding to copy filtered resources.
2018-03-04 10:26:37,886 [Worker-17] INFO  o.e.m.c.i.embedder.EclipseLogger - Copying 0 resource
2018-03-04 10:26:37,886 [Worker-17] INFO  o.e.m.c.i.embedder.EclipseLogger - Using 'UTF-8' encoding to copy filtered resources.
2018-03-04 10:26:37,887 [Worker-17] INFO  o.e.m.c.i.embedder.EclipseLogger - Copying 0 resource
2018-03-04 10:27:04,658 [Worker-10] INFO  o.e.m.c.i.embedder.EclipseLogger - Using 'UTF-8' encoding to copy filtered resources.
2018-03-04 10:27:04,659 [Worker-10] INFO  o.e.m.c.i.embedder.EclipseLogger - Copying 0 resource
2018-03-04 10:27:04,660 [Worker-10] INFO  o.e.m.c.i.embedder.EclipseLogger - Using 'UTF-8' encoding to copy filtered resources.
2018-03-04 10:27:04,660 [Worker-10] INFO  o.e.m.c.i.embedder.EclipseLogger - Copying 0 resource
2018-03-04 10:27:20,812 [Worker-3] INFO  o.e.m.c.i.embedder.EclipseLogger - Using 'UTF-8' encoding to copy filtered resources.
2018-03-04 10:27:20,813 [Worker-3] INFO  o.e.m.c.i.embedder.EclipseLogger - Copying 0 resource
2018-03-04 10:27:20,813 [Worker-3] INFO  o.e.m.c.i.embedder.EclipseLogger - Using 'UTF-8' encoding to copy filtered resources.
2018-03-04 10:27:20,813 [Worker-3] INFO  o.e.m.c.i.embedder.EclipseLogger - Copying 0 resource
2018-03-04 10:27:37,093 [Worker-10] INFO  o.e.m.c.i.embedder.EclipseLogger - Using 'UTF-8' encoding to copy filtered resources.
2018-03-04 10:27:37,093 [Worker-10] INFO  o.e.m.c.i.embedder.EclipseLogger - Copying 0 resource
2018-03-04 10:27:37,094 [Worker-10] INFO  o.e.m.c.i.embedder.EclipseLogger - Using 'UTF-8' encoding to copy filtered resources.
2018-03-04 10:27:37,094 [Worker-10] INFO  o.e.m.c.i.embedder.EclipseLogger - Copying 0 resource
2018-03-04 10:27:41,145 [Worker-13] INFO  o.e.m.c.i.embedder.EclipseLogger - Using 'UTF-8' encoding to copy filtered resources.
2018-03-04 10:27:41,146 [Worker-13] INFO  o.e.m.c.i.embedder.EclipseLogger - Copying 0 resource
2018-03-04 10:27:41,146 [Worker-13] INFO  o.e.m.c.i.embedder.EclipseLogger - Using 'UTF-8' encoding to copy filtered resources.
2018-03-04 10:27:41,146 [Worker-13] INFO  o.e.m.c.i.embedder.EclipseLogger - Copying 0 resource
2018-03-04 10:28:11,364 [Worker-15] INFO  o.e.m.c.i.embedder.EclipseLogger - Using 'UTF-8' encoding to copy filtered resources.
2018-03-04 10:28:11,365 [Worker-15] INFO  o.e.m.c.i.embedder.EclipseLogger - Copying 0 resource
2018-03-04 10:28:11,366 [Worker-15] INFO  o.e.m.c.i.embedder.EclipseLogger - Using 'UTF-8' encoding to copy filtered resources.
2018-03-04 10:28:11,366 [Worker-15] INFO  o.e.m.c.i.embedder.EclipseLogger - Copying 0 resource
2018-03-04 10:28:33,261 [Worker-11] INFO  o.e.m.c.i.embedder.EclipseLogger - Using 'UTF-8' encoding to copy filtered resources.
2018-03-04 10:28:33,261 [Worker-11] INFO  o.e.m.c.i.embedder.EclipseLogger - Copying 0 resource
2018-03-04 10:28:33,262 [Worker-11] INFO  o.e.m.c.i.embedder.EclipseLogger - Using 'UTF-8' encoding to copy filtered resources.
2018-03-04 10:28:33,262 [Worker-11] INFO  o.e.m.c.i.embedder.EclipseLogger - Copying 0 resource
2018-03-04 10:28:47,250 [Worker-3] INFO  o.e.m.c.i.embedder.EclipseLogger - Using 'UTF-8' encoding to copy filtered resources.
2018-03-04 10:28:47,251 [Worker-3] INFO  o.e.m.c.i.embedder.EclipseLogger - Copying 0 resource
2018-03-04 10:28:47,251 [Worker-3] INFO  o.e.m.c.i.embedder.EclipseLogger - Using 'UTF-8' encoding to copy filtered resources.
2018-03-04 10:28:47,252 [Worker-3] INFO  o.e.m.c.i.embedder.EclipseLogger - Copying 0 resource
2018-03-04 10:29:13,374 [Worker-17] INFO  o.e.m.c.i.l.LifecycleMappingFactory - Using org.maven.ide.eclipse.wtp.WarLifecycleMapping lifecycle mapping for MavenProject: com.taotao:taotao-manager-web:0.0.1-SNAPSHOT @ E:\WorkSpace\Work\shopping\taotao-manager\taotao-manager-web\pom.xml.
2018-03-04 10:29:13,701 [Worker-17] WARN  o.e.m.c.i.embedder.EclipseLogger - The artifact org.apache.commons:commons-io:jar:1.3.2 has been relocated to commons-io:commons-io:jar:1.3.2
2018-03-04 10:29:14,611 [Worker-17] INFO  o.e.m.c.i.embedder.EclipseLogger - Using 'UTF-8' encoding to copy filtered resources.
2018-03-04 10:29:14,611 [Worker-17] INFO  o.e.m.c.i.embedder.EclipseLogger - Copying 0 resource
2018-03-04 10:29:14,612 [Worker-17] INFO  o.e.m.c.i.embedder.EclipseLogger - Using 'UTF-8' encoding to copy filtered resources.
2018-03-04 10:29:14,612 [Worker-17] INFO  o.e.m.c.i.embedder.EclipseLogger - Copying 0 resource
2018-03-04 10:29:14,613 [Worker-17] INFO  o.e.m.w.i.f.ResourceFilteringBuildParticipant - Changed resources require a complete clean of filtered resources of taotao-manager-web
2018-03-04 10:29:14,613 [Worker-17] INFO  o.e.m.w.i.f.ResourceFilteringBuildParticipant - Executing resource filtering for taotao-manager-web
2018-03-04 10:29:14,615 [Worker-17] INFO  o.e.m.c.i.embedder.EclipseLogger - Using 'UTF-8' encoding to copy filtered resources.
2018-03-04 10:29:17,843 [Worker-11] INFO  o.e.m.c.i.l.LifecycleMappingFactory - Using org.maven.ide.eclipse.wtp.WarLifecycleMapping lifecycle mapping for MavenProject: com.taotao:taotao-manager-web:0.0.1-SNAPSHOT @ E:\WorkSpace\Work\shopping\taotao-manager\taotao-manager-web\pom.xml.
2018-03-04 10:29:19,024 [Worker-11] INFO  o.e.m.c.i.embedder.EclipseLogger - Using 'UTF-8' encoding to copy filtered resources.
2018-03-04 10:29:19,024 [Worker-11] INFO  o.e.m.c.i.embedder.EclipseLogger - Copying 0 resource
2018-03-04 10:29:19,025 [Worker-11] INFO  o.e.m.c.i.embedder.EclipseLogger - Using 'UTF-8' encoding to copy filtered resources.
2018-03-04 10:29:19,025 [Worker-11] INFO  o.e.m.c.i.embedder.EclipseLogger - Copying 0 resource
2018-03-04 10:29:19,025 [Worker-11] INFO  o.e.m.w.i.f.ResourceFilteringBuildParticipant - Changed resources require a complete clean of filtered resources of taotao-manager-web
2018-03-04 10:29:19,025 [Worker-11] INFO  o.e.m.w.i.f.ResourceFilteringBuildParticipant - Executing resource filtering for taotao-manager-web
2018-03-04 10:29:19,029 [Worker-11] INFO  o.e.m.c.i.embedder.EclipseLogger - Using 'UTF-8' encoding to copy filtered resources.
2018-03-04 10:31:29,075 [main] INFO  o.e.m2e.actions.ExecutePomAction - Creating new launch configuration
2018-03-04 10:32:04,812 [Worker-11] INFO  o.e.m.i.launch.MavenLaunchDelegate - E:\WorkSpace\Work\shopping\taotao-manager\taotao-manager-web
2018-03-04 10:32:04,813 [Worker-11] INFO  o.e.m.i.launch.MavenLaunchDelegate -  mvn  -B -s E:\Tools\apache-maven-3.3.9\conf\settings.xml clean tomcat7:run
2018-03-04 10:33:06,558 [Worker-10] INFO  o.e.m.i.launch.MavenLaunchDelegate - E:\WorkSpace\Work\shopping\taotao-manager\taotao-manager-web
2018-03-04 10:33:06,558 [Worker-10] INFO  o.e.m.i.launch.MavenLaunchDelegate -  mvn  -B -s E:\Tools\apache-maven-3.3.9\conf\settings.xml clean tomcat7:run
2018-03-04 10:35:20,310 [Worker-0] INFO  o.e.m.i.launch.MavenLaunchDelegate - E:\WorkSpace\Work\shopping\taotao-manager\taotao-manager-mapper
2018-03-04 10:35:20,310 [Worker-0] INFO  o.e.m.i.launch.MavenLaunchDelegate -  mvn  -B -s E:\Tools\apache-maven-3.3.9\conf\settings.xml install
2018-03-04 10:38:51,143 [Worker-0] INFO  o.e.m.c.i.l.LifecycleMappingFactory - Using org.eclipse.m2e.jdt.JarLifecycleMapping lifecycle mapping for MavenProject: com.taotao:taotao-manager-manager:0.0.1-SNAPSHOT @ E:\WorkSpace\Work\shopping\taotao-manager\taotao-manager-mapper\pom.xml.
2018-03-04 10:38:51,348 [Worker-0] INFO  o.e.m.c.i.l.LifecycleMappingFactory - Using org.eclipse.m2e.jdt.JarLifecycleMapping lifecycle mapping for MavenProject: com.taotao:taotao-manager-service:0.0.1-SNAPSHOT @ E:\WorkSpace\Work\shopping\taotao-manager\taotao-manager-Service\pom.xml.
2018-03-04 10:38:51,357 [Worker-0] WARN  o.e.m.c.i.embedder.EclipseLogger - The POM for com.taotao:taotao-manager-mapper:jar:0.0.1-SNAPSHOT is missing, no dependency information available
2018-03-04 10:38:51,563 [Worker-0] INFO  o.e.m.c.i.l.LifecycleMappingFactory - Using org.maven.ide.eclipse.wtp.WarLifecycleMapping lifecycle mapping for MavenProject: com.taotao:taotao-manager-web:0.0.1-SNAPSHOT @ E:\WorkSpace\Work\shopping\taotao-manager\taotao-manager-web\pom.xml.
2018-03-04 10:38:51,786 [Worker-0] WARN  o.e.m.c.i.embedder.EclipseLogger - The POM for com.taotao:taotao-manager-mapper:jar:0.0.1-SNAPSHOT is missing, no dependency information available
2018-03-04 10:38:52,572 [Worker-0] INFO  o.e.m.c.i.embedder.EclipseLogger - Using 'UTF-8' encoding to copy filtered resources.
2018-03-04 10:38:52,572 [Worker-0] INFO  o.e.m.c.i.embedder.EclipseLogger - Copying 0 resource
2018-03-04 10:38:52,573 [Worker-0] INFO  o.e.m.c.i.embedder.EclipseLogger - Using 'UTF-8' encoding to copy filtered resources.
2018-03-04 10:38:52,574 [Worker-0] INFO  o.e.m.c.i.embedder.EclipseLogger - Copying 0 resource
2018-03-04 10:38:53,183 [Worker-14] WARN  o.e.m.c.i.embedder.EclipseLogger - The POM for com.taotao:taotao-manager-mapper:jar:0.0.1-SNAPSHOT is missing, no dependency information available
2018-03-04 10:38:53,252 [Worker-14] INFO  o.e.m.c.i.embedder.EclipseLogger - Using 'UTF-8' encoding to copy filtered resources.
2018-03-04 10:38:53,253 [Worker-14] INFO  o.e.m.c.i.embedder.EclipseLogger - Copying 0 resource
2018-03-04 10:38:53,253 [Worker-14] INFO  o.e.m.c.i.embedder.EclipseLogger - Using 'UTF-8' encoding to copy filtered resources.
2018-03-04 10:38:53,254 [Worker-14] INFO  o.e.m.c.i.embedder.EclipseLogger - Copying 0 resource
2018-03-04 10:38:53,391 [Worker-14] WARN  o.e.m.c.i.embedder.EclipseLogger - The POM for com.taotao:taotao-manager-mapper:jar:0.0.1-SNAPSHOT is missing, no dependency information available
2018-03-04 10:38:53,499 [Worker-14] INFO  o.e.m.c.i.embedder.EclipseLogger - Using 'UTF-8' encoding to copy filtered resources.
2018-03-04 10:38:53,499 [Worker-14] INFO  o.e.m.c.i.embedder.EclipseLogger - Copying 0 resource
2018-03-04 10:38:53,500 [Worker-14] INFO  o.e.m.c.i.embedder.EclipseLogger - Using 'UTF-8' encoding to copy filtered resources.
2018-03-04 10:38:53,500 [Worker-14] INFO  o.e.m.c.i.embedder.EclipseLogger - Copying 0 resource
2018-03-04 10:38:57,202 [Worker-0] INFO  o.e.m.i.launch.MavenLaunchDelegate - E:\WorkSpace\Work\shopping\taotao-manager\taotao-manager-web
2018-03-04 10:38:57,202 [Worker-0] INFO  o.e.m.i.launch.MavenLaunchDelegate -  mvn  -B -s E:\Tools\apache-maven-3.3.9\conf\settings.xml clean tomcat7:run
2018-03-04 10:44:07,330 [Worker-22] INFO  o.e.m.c.i.l.LifecycleMappingFactory - Using org.eclipse.m2e.jdt.JarLifecycleMapping lifecycle mapping for MavenProject: com.taotao:taotao-manager-mapper:0.0.1-SNAPSHOT @ E:\WorkSpace\Work\shopping\taotao-manager\taotao-manager-mapper\pom.xml.
2018-03-04 10:44:07,503 [Worker-22] INFO  o.e.m.c.i.l.LifecycleMappingFactory - Using org.maven.ide.eclipse.wtp.WarLifecycleMapping lifecycle mapping for MavenProject: com.taotao:taotao-manager-web:0.0.1-SNAPSHOT @ E:\WorkSpace\Work\shopping\taotao-manager\taotao-manager-web\pom.xml.
2018-03-04 10:44:07,646 [Worker-22] INFO  o.e.m.c.i.l.LifecycleMappingFactory - Using org.eclipse.m2e.jdt.JarLifecycleMapping lifecycle mapping for MavenProject: com.taotao:taotao-manager-service:0.0.1-SNAPSHOT @ E:\WorkSpace\Work\shopping\taotao-manager\taotao-manager-Service\pom.xml.
2018-03-04 10:44:07,801 [Worker-22] WARN  o.e.m.c.i.embedder.EclipseLogger - The artifact org.apache.commons:commons-io:jar:1.3.2 has been relocated to commons-io:commons-io:jar:1.3.2
2018-03-04 10:44:08,574 [Worker-22] INFO  o.e.m.c.i.embedder.EclipseLogger - Using 'UTF-8' encoding to copy filtered resources.
2018-03-04 10:44:08,575 [Worker-22] INFO  o.e.m.c.i.embedder.EclipseLogger - Copying 0 resource
2018-03-04 10:44:08,576 [Worker-22] INFO  o.e.m.c.i.embedder.EclipseLogger - Using 'UTF-8' encoding to copy filtered resources.
2018-03-04 10:44:08,576 [Worker-22] INFO  o.e.m.c.i.embedder.EclipseLogger - Copying 0 resource
2018-03-04 10:44:09,237 [Worker-20] INFO  o.e.m.c.i.embedder.EclipseLogger - Using 'UTF-8' encoding to copy filtered resources.
2018-03-04 10:44:09,238 [Worker-20] INFO  o.e.m.c.i.embedder.EclipseLogger - Copying 0 resource
2018-03-04 10:44:09,239 [Worker-20] INFO  o.e.m.c.i.embedder.EclipseLogger - Using 'UTF-8' encoding to copy filtered resources.
2018-03-04 10:44:09,239 [Worker-20] INFO  o.e.m.c.i.embedder.EclipseLogger - Copying 0 resource
2018-03-04 10:44:09,513 [Worker-20] INFO  o.e.m.c.i.embedder.EclipseLogger - Using 'UTF-8' encoding to copy filtered resources.
2018-03-04 10:44:09,513 [Worker-20] INFO  o.e.m.c.i.embedder.EclipseLogger - Copying 0 resource
2018-03-04 10:44:09,514 [Worker-20] INFO  o.e.m.c.i.embedder.EclipseLogger - Using 'UTF-8' encoding to copy filtered resources.
2018-03-04 10:44:09,514 [Worker-20] INFO  o.e.m.c.i.embedder.EclipseLogger - Copying 0 resource
2018-03-04 10:44:20,882 [Worker-22] INFO  o.e.m.i.launch.MavenLaunchDelegate - E:\WorkSpace\Work\shopping\taotao-manager\taotao-manager-web
2018-03-04 10:44:20,882 [Worker-22] INFO  o.e.m.i.launch.MavenLaunchDelegate -  mvn  -B -s E:\Tools\apache-maven-3.3.9\conf\settings.xml clean tomcat7:run
2018-03-04 10:44:30,757 [Worker-23] INFO  o.e.m.i.launch.MavenLaunchDelegate - E:\WorkSpace\Work\shopping\taotao-parent
2018-03-04 10:44:30,758 [Worker-23] INFO  o.e.m.i.launch.MavenLaunchDelegate -  mvn  -B -s E:\Tools\apache-maven-3.3.9\conf\settings.xml install
2018-03-04 10:44:39,235 [Worker-20] INFO  o.e.m.i.launch.MavenLaunchDelegate - E:\WorkSpace\Work\shopping\taotao-common
2018-03-04 10:44:39,235 [Worker-20] INFO  o.e.m.i.launch.MavenLaunchDelegate -  mvn  -B -s E:\Tools\apache-maven-3.3.9\conf\settings.xml install
2018-03-04 10:44:47,632 [Worker-14] INFO  o.e.m.i.launch.MavenLaunchDelegate - E:\WorkSpace\Work\shopping\taotao-manager\taotao-manager-web
2018-03-04 10:44:47,632 [Worker-14] INFO  o.e.m.i.launch.MavenLaunchDelegate -  mvn  -B -s E:\Tools\apache-maven-3.3.9\conf\settings.xml clean tomcat7:run
2018-03-04 10:45:03,778 [Worker-24] INFO  o.e.m.i.launch.MavenLaunchDelegate - E:\WorkSpace\Work\shopping\taotao-manager
2018-03-04 10:45:03,778 [Worker-24] INFO  o.e.m.i.launch.MavenLaunchDelegate -  mvn  -B -s E:\Tools\apache-maven-3.3.9\conf\settings.xml install
2018-03-04 10:45:13,660 [Worker-14] INFO  o.e.m.i.launch.MavenLaunchDelegate - E:\WorkSpace\Work\shopping\taotao-manager\taotao-manager-web
2018-03-04 10:45:13,660 [Worker-14] INFO  o.e.m.i.launch.MavenLaunchDelegate -  mvn  -B -s E:\Tools\apache-maven-3.3.9\conf\settings.xml clean tomcat7:run
2018-03-04 10:51:54,122 [Worker-14] WARN  o.e.m.c.i.embedder.EclipseLogger - The artifact org.apache.commons:commons-io:jar:1.3.2 has been relocated to commons-io:commons-io:jar:1.3.2
2018-03-04 10:51:54,146 [Worker-14] INFO  o.e.m.c.i.embedder.EclipseLogger - Using 'UTF-8' encoding to copy filtered resources.
2018-03-04 10:51:54,147 [Worker-14] INFO  o.e.m.c.i.embedder.EclipseLogger - Copying 0 resource
2018-03-04 10:51:54,148 [Worker-14] INFO  o.e.m.c.i.embedder.EclipseLogger - Using 'UTF-8' encoding to copy filtered resources.
2018-03-04 10:51:54,148 [Worker-14] INFO  o.e.m.c.i.embedder.EclipseLogger - Copying 0 resource
2018-03-04 10:51:58,511 [Worker-25] INFO  o.e.m.c.i.embedder.EclipseLogger - Using 'UTF-8' encoding to copy filtered resources.
2018-03-04 10:51:58,511 [Worker-25] INFO  o.e.m.c.i.embedder.EclipseLogger - Copying 0 resource
2018-03-04 10:51:58,512 [Worker-25] INFO  o.e.m.c.i.embedder.EclipseLogger - Using 'UTF-8' encoding to copy filtered resources.
2018-03-04 10:51:58,512 [Worker-25] INFO  o.e.m.c.i.embedder.EclipseLogger - Copying 0 resource
2018-03-04 10:51:59,853 [Worker-14] INFO  o.e.m.c.i.embedder.EclipseLogger - Using 'UTF-8' encoding to copy filtered resources.
2018-03-04 10:51:59,853 [Worker-14] INFO  o.e.m.c.i.embedder.EclipseLogger - Copying 0 resource
2018-03-04 10:51:59,854 [Worker-14] INFO  o.e.m.c.i.embedder.EclipseLogger - Using 'UTF-8' encoding to copy filtered resources.
2018-03-04 10:51:59,855 [Worker-14] INFO  o.e.m.c.i.embedder.EclipseLogger - Copying 0 resource
2018-03-04 10:52:02,162 [Worker-25] INFO  o.e.m.c.i.embedder.EclipseLogger - Using 'UTF-8' encoding to copy filtered resources.
2018-03-04 10:52:02,162 [Worker-25] INFO  o.e.m.c.i.embedder.EclipseLogger - Copying 0 resource
2018-03-04 10:52:02,163 [Worker-25] INFO  o.e.m.c.i.embedder.EclipseLogger - Using 'UTF-8' encoding to copy filtered resources.
2018-03-04 10:52:02,163 [Worker-25] INFO  o.e.m.c.i.embedder.EclipseLogger - Copying 0 resource
2018-03-04 10:52:05,548 [Worker-25] INFO  o.e.m.c.i.embedder.EclipseLogger - Using 'UTF-8' encoding to copy filtered resources.
2018-03-04 10:52:05,548 [Worker-25] INFO  o.e.m.c.i.embedder.EclipseLogger - Copying 0 resource
2018-03-04 10:52:05,550 [Worker-25] INFO  o.e.m.c.i.embedder.EclipseLogger - Using 'UTF-8' encoding to copy filtered resources.
2018-03-04 10:52:05,551 [Worker-25] INFO  o.e.m.c.i.embedder.EclipseLogger - Copying 0 resource
2018-03-04 10:52:13,955 [Worker-25] WARN  o.e.m.c.i.embedder.EclipseLogger - The artifact org.apache.commons:commons-io:jar:1.3.2 has been relocated to commons-io:commons-io:jar:1.3.2
2018-03-04 10:52:13,984 [Worker-25] INFO  o.e.m.c.i.embedder.EclipseLogger - Using 'UTF-8' encoding to copy filtered resources.
2018-03-04 10:52:13,984 [Worker-25] INFO  o.e.m.c.i.embedder.EclipseLogger - Copying 0 resource
2018-03-04 10:52:13,985 [Worker-25] INFO  o.e.m.c.i.embedder.EclipseLogger - Using 'UTF-8' encoding to copy filtered resources.
2018-03-04 10:52:13,986 [Worker-25] INFO  o.e.m.c.i.embedder.EclipseLogger - Copying 0 resource
2018-03-04 10:52:14,168 [Worker-25] INFO  o.e.m.c.i.embedder.EclipseLogger - Using 'UTF-8' encoding to copy filtered resources.
2018-03-04 10:52:14,169 [Worker-25] INFO  o.e.m.c.i.embedder.EclipseLogger - Copying 0 resource
2018-03-04 10:52:14,170 [Worker-25] INFO  o.e.m.c.i.embedder.EclipseLogger - Using 'UTF-8' encoding to copy filtered resources.
2018-03-04 10:52:14,170 [Worker-25] INFO  o.e.m.c.i.embedder.EclipseLogger - Copying 0 resource
2018-03-04 10:52:14,392 [Worker-25] INFO  o.e.m.c.i.embedder.EclipseLogger - Using 'UTF-8' encoding to copy filtered resources.
2018-03-04 10:52:14,392 [Worker-25] INFO  o.e.m.c.i.embedder.EclipseLogger - Copying 0 resource
2018-03-04 10:52:14,393 [Worker-25] INFO  o.e.m.c.i.embedder.EclipseLogger - Using 'UTF-8' encoding to copy filtered resources.
2018-03-04 10:52:14,393 [Worker-25] INFO  o.e.m.c.i.embedder.EclipseLogger - Copying 0 resource
2018-03-04 10:52:14,631 [Worker-25] INFO  o.e.m.c.i.embedder.EclipseLogger - Using 'UTF-8' encoding to copy filtered resources.
2018-03-04 10:52:14,631 [Worker-25] INFO  o.e.m.c.i.embedder.EclipseLogger - Copying 0 resource
2018-03-04 10:52:14,632 [Worker-25] INFO  o.e.m.c.i.embedder.EclipseLogger - Using 'UTF-8' encoding to copy filtered resources.
2018-03-04 10:52:14,632 [Worker-25] INFO  o.e.m.c.i.embedder.EclipseLogger - Copying 0 resource
2018-03-04 10:52:14,884 [Worker-25] INFO  o.e.m.c.i.embedder.EclipseLogger - Using 'UTF-8' encoding to copy filtered resources.
2018-03-04 10:52:14,885 [Worker-25] INFO  o.e.m.c.i.embedder.EclipseLogger - Copying 0 resource
2018-03-04 10:52:14,886 [Worker-25] INFO  o.e.m.c.i.embedder.EclipseLogger - Using 'UTF-8' encoding to copy filtered resources.
2018-03-04 10:52:14,886 [Worker-25] INFO  o.e.m.c.i.embedder.EclipseLogger - Copying 0 resource
2018-03-04 10:52:14,886 [Worker-25] INFO  o.e.m.w.i.f.ResourceFilteringBuildParticipant - Changed resources require a complete clean of filtered resources of taotao-manager-web
2018-03-04 10:52:14,886 [Worker-25] INFO  o.e.m.w.i.f.ResourceFilteringBuildParticipant - Executing resource filtering for taotao-manager-web
2018-03-04 10:52:14,895 [Worker-25] INFO  o.e.m.c.i.embedder.EclipseLogger - Using 'UTF-8' encoding to copy filtered resources.
2018-03-04 11:01:49,215 [Worker-26] WARN  o.e.m.c.i.embedder.EclipseLogger - The artifact org.apache.commons:commons-io:jar:1.3.2 has been relocated to commons-io:commons-io:jar:1.3.2
2018-03-04 11:01:49,238 [Worker-26] INFO  o.e.m.c.i.embedder.EclipseLogger - Using 'UTF-8' encoding to copy filtered resources.
2018-03-04 11:01:49,238 [Worker-26] INFO  o.e.m.c.i.embedder.EclipseLogger - Copying 0 resource
2018-03-04 11:01:49,239 [Worker-26] INFO  o.e.m.c.i.embedder.EclipseLogger - Using 'UTF-8' encoding to copy filtered resources.
2018-03-04 11:01:49,239 [Worker-26] INFO  o.e.m.c.i.embedder.EclipseLogger - Copying 0 resource
2018-03-04 11:15:44,187 [Worker-25] INFO  o.e.m.i.launch.MavenLaunchDelegate - E:\WorkSpace\Work\shopping\taotao-manager\taotao-manager-web
2018-03-04 11:15:44,187 [Worker-25] INFO  o.e.m.i.launch.MavenLaunchDelegate -  mvn  -B -s E:\Tools\apache-maven-3.3.9\conf\settings.xml clean tomcat7:run
2018-03-04 11:17:36,977 [Worker-1] INFO  o.e.m.i.launch.MavenLaunchDelegate - E:\WorkSpace\Work\shopping\taotao-manager\taotao-manager-web
2018-03-04 11:17:36,980 [Worker-1] INFO  o.e.m.i.launch.MavenLaunchDelegate -  mvn  -B -s E:\Tools\apache-maven-3.3.9\conf\settings.xml clean tomcat7:run
2018-03-04 11:50:20,040 [Worker-29] WARN  o.e.m.c.i.embedder.EclipseLogger - The artifact org.apache.commons:commons-io:jar:1.3.2 has been relocated to commons-io:commons-io:jar:1.3.2
2018-03-04 11:50:20,567 [Worker-29] INFO  o.e.m.c.i.embedder.EclipseLogger - Using 'UTF-8' encoding to copy filtered resources.
2018-03-04 11:50:20,570 [Worker-29] INFO  o.e.m.c.i.embedder.EclipseLogger - Copying 0 resource
2018-03-04 11:50:20,573 [Worker-29] INFO  o.e.m.c.i.embedder.EclipseLogger - Using 'UTF-8' encoding to copy filtered resources.
2018-03-04 11:50:20,573 [Worker-29] INFO  o.e.m.c.i.embedder.EclipseLogger - Copying 0 resource
2018-03-04 12:22:11,862 [Worker-6] INFO  o.e.m.c.i.l.LifecycleMappingFactory - Using org.eclipse.m2e.jdt.JarLifecycleMapping lifecycle mapping for MavenProject: com.taotao:taotao-common:0.0.1-SNAPSHOT @ E:\WorkSpace\Work\shopping\taotao-common\pom.xml.
2018-03-04 12:22:11,998 [Worker-6] WARN  o.e.m.c.i.embedder.EclipseLogger - The artifact org.apache.commons:commons-io:jar:1.3.2 has been relocated to commons-io:commons-io:jar:1.3.2
2018-03-04 12:22:13,235 [Worker-6] INFO  o.e.m.c.i.embedder.EclipseLogger - Using 'UTF-8' encoding to copy filtered resources.
2018-03-04 12:22:13,240 [Worker-6] INFO  o.e.m.c.i.embedder.EclipseLogger - Copying 0 resource
2018-03-04 12:22:14,079 [Worker-17] INFO  o.e.m.c.i.l.LifecycleMappingFactory - Using org.eclipse.m2e.jdt.JarLifecycleMapping lifecycle mapping for MavenProject: com.taotao:taotao-common:0.0.1-SNAPSHOT @ E:\WorkSpace\Work\shopping\taotao-common\pom.xml.
2018-03-04 12:22:14,080 [Worker-6] INFO  o.e.m.c.i.embedder.EclipseLogger - Using 'UTF-8' encoding to copy filtered resources.
2018-03-04 12:22:14,081 [Worker-6] INFO  o.e.m.c.i.embedder.EclipseLogger - Copying 0 resource
2018-03-04 12:22:14,216 [Worker-17] WARN  o.e.m.c.i.embedder.EclipseLogger - The artifact org.apache.commons:commons-io:jar:1.3.2 has been relocated to commons-io:commons-io:jar:1.3.2
2018-03-04 12:22:14,248 [Worker-17] INFO  o.e.m.c.i.l.LifecycleMappingFactory - Using NULL lifecycle mapping for MavenProject: com.taotao:taotao-manager:0.0.1-SNAPSHOT @ E:\WorkSpace\Work\shopping\taotao-manager\pom.xml.
2018-03-04 12:22:14,278 [Worker-17] INFO  o.e.m.c.i.l.LifecycleMappingFactory - Using NULL lifecycle mapping for MavenProject: com.taotao:taotao-parent:0.0.1-SNAPSHOT @ E:\WorkSpace\Work\shopping\taotao-parent\pom.xml.
2018-03-04 12:22:14,836 [Worker-5] WARN  o.e.m.c.i.embedder.EclipseLogger - The artifact org.apache.commons:commons-io:jar:1.3.2 has been relocated to commons-io:commons-io:jar:1.3.2
2018-03-04 12:22:14,863 [Worker-5] INFO  o.e.m.c.i.embedder.EclipseLogger - Using 'UTF-8' encoding to copy filtered resources.
2018-03-04 12:22:14,868 [Worker-5] INFO  o.e.m.c.i.embedder.EclipseLogger - Copying 0 resource
2018-03-04 12:22:14,870 [Worker-5] INFO  o.e.m.c.i.embedder.EclipseLogger - Using 'UTF-8' encoding to copy filtered resources.
2018-03-04 12:22:14,870 [Worker-5] INFO  o.e.m.c.i.embedder.EclipseLogger - Copying 0 resource
2018-03-04 12:22:25,538 [Worker-1] INFO  o.e.m.c.i.l.LifecycleMappingFactory - Using org.eclipse.m2e.jdt.JarLifecycleMapping lifecycle mapping for MavenProject: com.taotao:taotao-manager-pojo:0.0.1-SNAPSHOT @ E:\WorkSpace\Work\shopping\taotao-manager\taotao-manager-pojo\pom.xml.
2018-03-04 12:22:25,696 [Worker-1] INFO  o.e.m.c.i.l.LifecycleMappingFactory - Using org.eclipse.m2e.jdt.JarLifecycleMapping lifecycle mapping for MavenProject: com.taotao:taotao-manager-mapper:0.0.1-SNAPSHOT @ E:\WorkSpace\Work\shopping\taotao-manager\taotao-manager-mapper\pom.xml.
2018-03-04 12:22:25,803 [Worker-1] INFO  o.e.m.c.i.l.LifecycleMappingFactory - Using org.eclipse.m2e.jdt.JarLifecycleMapping lifecycle mapping for MavenProject: com.taotao:taotao-manager-service:0.0.1-SNAPSHOT @ E:\WorkSpace\Work\shopping\taotao-manager\taotao-manager-Service\pom.xml.
2018-03-04 12:22:25,952 [Worker-1] INFO  o.e.m.c.i.l.LifecycleMappingFactory - Using org.maven.ide.eclipse.wtp.WarLifecycleMapping lifecycle mapping for MavenProject: com.taotao:taotao-manager-web:0.0.1-SNAPSHOT @ E:\WorkSpace\Work\shopping\taotao-manager\taotao-manager-web\pom.xml.
2018-03-04 12:22:27,697 [Worker-1] INFO  o.e.m.j.i.AbstractJavaProjectConfigurator - Adding source folder /taotao-manager-pojo/src/main/java
2018-03-04 12:22:27,697 [Worker-1] INFO  o.e.m.j.i.AbstractJavaProjectConfigurator - Adding resource folder /taotao-manager-pojo/src/main/resources
2018-03-04 12:22:27,698 [Worker-1] INFO  o.e.m.j.i.AbstractJavaProjectConfigurator - Adding source folder /taotao-manager-pojo/src/test/java
2018-03-04 12:22:27,698 [Worker-1] INFO  o.e.m.j.i.AbstractJavaProjectConfigurator - Adding resource folder /taotao-manager-pojo/src/test/resources
2018-03-04 12:22:27,838 [Worker-1] INFO  o.e.m.j.i.AbstractJavaProjectConfigurator - Adding source folder /taotao-manager-mapper/src/main/java
2018-03-04 12:22:27,838 [Worker-1] INFO  o.e.m.j.i.AbstractJavaProjectConfigurator - Adding resource folder /taotao-manager-mapper/src/main/resources
2018-03-04 12:22:27,838 [Worker-1] INFO  o.e.m.j.i.AbstractJavaProjectConfigurator - Adding source folder /taotao-manager-mapper/src/test/java
2018-03-04 12:22:27,838 [Worker-1] INFO  o.e.m.j.i.AbstractJavaProjectConfigurator - Adding resource folder /taotao-manager-mapper/src/test/resources
2018-03-04 12:22:27,960 [Worker-1] INFO  o.e.m.j.i.AbstractJavaProjectConfigurator - Adding source folder /taotao-manager-service/src/main/java
2018-03-04 12:22:27,960 [Worker-1] INFO  o.e.m.j.i.AbstractJavaProjectConfigurator - Adding resource folder /taotao-manager-service/src/main/resources
2018-03-04 12:22:27,960 [Worker-1] INFO  o.e.m.j.i.AbstractJavaProjectConfigurator - Adding source folder /taotao-manager-service/src/test/java
2018-03-04 12:22:27,961 [Worker-1] INFO  o.e.m.j.i.AbstractJavaProjectConfigurator - Adding resource folder /taotao-manager-service/src/test/resources
2018-03-04 12:22:28,104 [Worker-1] INFO  o.e.m.j.i.AbstractJavaProjectConfigurator - Adding source folder /taotao-manager-web/src/main/java
2018-03-04 12:22:28,104 [Worker-1] INFO  o.e.m.j.i.AbstractJavaProjectConfigurator - Adding resource folder /taotao-manager-web/src/main/resources
2018-03-04 12:22:28,105 [Worker-1] INFO  o.e.m.j.i.AbstractJavaProjectConfigurator - Adding source folder /taotao-manager-web/src/test/java
2018-03-04 12:22:28,105 [Worker-1] INFO  o.e.m.j.i.AbstractJavaProjectConfigurator - Adding resource folder /taotao-manager-web/src/test/resources
2018-03-04 12:22:29,416 [Worker-1] INFO  o.e.m.c.i.p.ProjectConfigurationManager - Imported and configured 4 project(s) in 4 sec
2018-03-04 12:22:29,827 [Worker-15] INFO  o.e.m.c.i.embedder.EclipseLogger - Using 'UTF-8' encoding to copy filtered resources.
2018-03-04 12:22:29,828 [Worker-15] INFO  o.e.m.c.i.embedder.EclipseLogger - Copying 0 resource
2018-03-04 12:22:29,829 [Worker-15] INFO  o.e.m.c.i.embedder.EclipseLogger - Using 'UTF-8' encoding to copy filtered resources.
2018-03-04 12:22:29,829 [Worker-15] INFO  o.e.m.c.i.embedder.EclipseLogger - Copying 0 resource
2018-03-04 12:22:30,052 [Worker-15] INFO  o.e.m.c.i.embedder.EclipseLogger - Using 'UTF-8' encoding to copy filtered resources.
2018-03-04 12:22:30,052 [Worker-15] INFO  o.e.m.c.i.embedder.EclipseLogger - Copying 0 resource
2018-03-04 12:22:30,053 [Worker-15] INFO  o.e.m.c.i.embedder.EclipseLogger - Using 'UTF-8' encoding to copy filtered resources.
2018-03-04 12:22:30,053 [Worker-15] INFO  o.e.m.c.i.embedder.EclipseLogger - Copying 0 resource
2018-03-04 12:22:30,388 [Worker-15] INFO  o.e.m.c.i.embedder.EclipseLogger - Using 'UTF-8' encoding to copy filtered resources.
2018-03-04 12:22:30,388 [Worker-15] INFO  o.e.m.c.i.embedder.EclipseLogger - Copying 0 resource
2018-03-04 12:22:30,389 [Worker-15] INFO  o.e.m.c.i.embedder.EclipseLogger - Using 'UTF-8' encoding to copy filtered resources.
2018-03-04 12:22:30,389 [Worker-15] INFO  o.e.m.c.i.embedder.EclipseLogger - Copying 0 resource
2018-03-04 12:22:30,826 [Worker-15] INFO  o.e.m.c.i.embedder.EclipseLogger - Using 'UTF-8' encoding to copy filtered resources.
2018-03-04 12:22:30,827 [Worker-15] INFO  o.e.m.c.i.embedder.EclipseLogger - Copying 0 resource
2018-03-04 12:22:30,828 [Worker-15] INFO  o.e.m.c.i.embedder.EclipseLogger - Using 'UTF-8' encoding to copy filtered resources.
2018-03-04 12:22:30,829 [Worker-15] INFO  o.e.m.c.i.embedder.EclipseLogger - Copying 0 resource
2018-03-04 12:22:38,142 [Worker-1] INFO  o.e.m.i.launch.MavenLaunchDelegate - E:\WorkSpace\Work\shopping\taotao-manager\taotao-manager-web
2018-03-04 12:22:38,143 [Worker-1] INFO  o.e.m.i.launch.MavenLaunchDelegate -  mvn  -B -s E:\Tools\apache-maven-3.3.9\conf\settings.xml clean tomcat7:run
2018-03-04 12:39:28,263 [Worker-2] INFO  o.e.m.c.i.l.LifecycleMappingFactory - Using org.eclipse.m2e.jdt.JarLifecycleMapping lifecycle mapping for MavenProject: com.taotao:taotao-common:0.0.1-SNAPSHOT @ D:\GitHub\taotao\shopping\taotao-common\pom.xml.
2018-03-04 12:39:28,809 [Worker-2] WARN  o.e.m.c.i.embedder.EclipseLogger - The artifact org.apache.commons:commons-io:jar:1.3.2 has been relocated to commons-io:commons-io:jar:1.3.2
2018-03-04 12:39:30,103 [Worker-2] INFO  o.e.m.c.i.embedder.EclipseLogger - Using 'UTF-8' encoding to copy filtered resources.
2018-03-04 12:39:30,109 [Worker-2] INFO  o.e.m.c.i.embedder.EclipseLogger - Copying 0 resource
2018-03-04 12:39:30,112 [Worker-2] INFO  o.e.m.c.i.embedder.EclipseLogger - Using 'UTF-8' encoding to copy filtered resources.
2018-03-04 12:39:30,113 [Worker-2] INFO  o.e.m.c.i.embedder.EclipseLogger - Copying 0 resource
2018-03-04 12:39:30,675 [Worker-2] INFO  o.e.m.c.i.l.LifecycleMappingFactory - Using NULL lifecycle mapping for MavenProject: com.taotao:taotao-manager:0.0.1-SNAPSHOT @ D:\GitHub\taotao\shopping\taotao-manager\pom.xml.
2018-03-04 12:39:32,322 [Worker-2] INFO  o.e.m.c.i.l.LifecycleMappingFactory - Using org.eclipse.m2e.jdt.JarLifecycleMapping lifecycle mapping for MavenProject: com.taotao:taotao-manager-pojo:0.0.1-SNAPSHOT @ E:\WorkSpace\Work\shopping\taotao-manager\taotao-manager-pojo\pom.xml.
2018-03-04 12:39:34,104 [Worker-2] INFO  o.e.m.c.i.embedder.EclipseLogger - Using 'UTF-8' encoding to copy filtered resources.
2018-03-04 12:39:34,109 [Worker-2] INFO  o.e.m.c.i.embedder.EclipseLogger - Copying 0 resource
2018-03-04 12:39:34,115 [Worker-2] INFO  o.e.m.c.i.embedder.EclipseLogger - Using 'UTF-8' encoding to copy filtered resources.
2018-03-04 12:39:34,115 [Worker-2] INFO  o.e.m.c.i.embedder.EclipseLogger - Copying 0 resource
2018-03-04 12:39:35,148 [Worker-16] INFO  o.e.m.c.i.l.LifecycleMappingFactory - Using org.eclipse.m2e.jdt.JarLifecycleMapping lifecycle mapping for MavenProject: com.taotao:taotao-manager-mapper:0.0.1-SNAPSHOT @ E:\WorkSpace\Work\shopping\taotao-manager\taotao-manager-mapper\pom.xml.
2018-03-04 12:39:35,148 [Worker-12] INFO  o.e.m.c.i.l.LifecycleMappingFactory - Using org.eclipse.m2e.jdt.JarLifecycleMapping lifecycle mapping for MavenProject: com.taotao:taotao-common:0.0.1-SNAPSHOT @ D:\GitHub\taotao\shopping\taotao-common\pom.xml.
2018-03-04 12:39:35,334 [Worker-12] WARN  o.e.m.c.i.embedder.EclipseLogger - The artifact org.apache.commons:commons-io:jar:1.3.2 has been relocated to commons-io:commons-io:jar:1.3.2
2018-03-04 12:39:36,399 [Worker-16] INFO  o.e.m.c.i.embedder.EclipseLogger - Using 'UTF-8' encoding to copy filtered resources.
2018-03-04 12:39:36,400 [Worker-16] INFO  o.e.m.c.i.embedder.EclipseLogger - Copying 0 resource
2018-03-04 12:39:36,402 [Worker-16] INFO  o.e.m.c.i.embedder.EclipseLogger - Using 'UTF-8' encoding to copy filtered resources.
2018-03-04 12:39:36,403 [Worker-16] INFO  o.e.m.c.i.embedder.EclipseLogger - Copying 0 resource
2018-03-04 12:39:36,526 [Worker-16] INFO  o.e.m.c.i.l.LifecycleMappingFactory - Using org.eclipse.m2e.jdt.JarLifecycleMapping lifecycle mapping for MavenProject: com.taotao:taotao-manager-service:0.0.1-SNAPSHOT @ E:\WorkSpace\Work\shopping\taotao-manager\taotao-manager-Service\pom.xml.
2018-03-04 12:39:36,956 [Worker-16] INFO  o.e.m.c.i.embedder.EclipseLogger - Using 'UTF-8' encoding to copy filtered resources.
2018-03-04 12:39:36,956 [Worker-16] INFO  o.e.m.c.i.embedder.EclipseLogger - Copying 0 resource
2018-03-04 12:39:36,958 [Worker-16] INFO  o.e.m.c.i.embedder.EclipseLogger - Using 'UTF-8' encoding to copy filtered resources.
2018-03-04 12:39:36,959 [Worker-16] INFO  o.e.m.c.i.embedder.EclipseLogger - Copying 0 resource
2018-03-04 12:39:38,639 [Worker-20] INFO  o.e.m.c.i.l.LifecycleMappingFactory - Using org.eclipse.m2e.jdt.JarLifecycleMapping lifecycle mapping for MavenProject: com.taotao:taotao-common:0.0.1-SNAPSHOT @ D:\GitHub\taotao\shopping\taotao-common\pom.xml.
2018-03-04 12:39:38,660 [Worker-21] INFO  o.e.m.c.i.l.LifecycleMappingFactory - Using org.maven.ide.eclipse.wtp.WarLifecycleMapping lifecycle mapping for MavenProject: com.taotao:taotao-manager-web:0.0.1-SNAPSHOT @ E:\WorkSpace\Work\shopping\taotao-manager\taotao-manager-web\pom.xml.
2018-03-04 12:39:38,841 [Worker-20] WARN  o.e.m.c.i.embedder.EclipseLogger - The artifact org.apache.commons:commons-io:jar:1.3.2 has been relocated to commons-io:commons-io:jar:1.3.2
2018-03-04 12:39:39,735 [Worker-21] WARN  o.e.m.c.i.embedder.EclipseLogger - The artifact org.apache.commons:commons-io:jar:1.3.2 has been relocated to commons-io:commons-io:jar:1.3.2
2018-03-04 12:39:41,200 [Worker-21] INFO  o.e.m.c.i.embedder.EclipseLogger - Using 'UTF-8' encoding to copy filtered resources.
2018-03-04 12:39:41,201 [Worker-21] INFO  o.e.m.c.i.embedder.EclipseLogger - Copying 0 resource
2018-03-04 12:39:41,203 [Worker-21] INFO  o.e.m.c.i.embedder.EclipseLogger - Using 'UTF-8' encoding to copy filtered resources.
2018-03-04 12:39:41,204 [Worker-21] INFO  o.e.m.c.i.embedder.EclipseLogger - Copying 0 resource
2018-03-04 12:39:41,838 [Worker-21] INFO  o.e.m.c.i.l.LifecycleMappingFactory - Using NULL lifecycle mapping for MavenProject: com.taotao:taotao-parent:0.0.1-SNAPSHOT @ D:\GitHub\taotao\shopping\taotao-parent\pom.xml.
2018-03-04 12:39:42,083 [Worker-21] INFO  o.e.m.c.i.l.LifecycleMappingFactory - Using org.eclipse.m2e.jdt.JarLifecycleMapping lifecycle mapping for MavenProject: com.taotao:taotao-common:0.0.1-SNAPSHOT @ D:\GitHub\taotao\shopping\taotao-common\pom.xml.
2018-03-04 12:39:42,083 [Worker-19] INFO  o.e.m.c.i.l.LifecycleMappingFactory - Using org.eclipse.m2e.jdt.JarLifecycleMapping lifecycle mapping for MavenProject: com.taotao:taotao-common:0.0.1-SNAPSHOT @ D:\GitHub\taotao\shopping\taotao-common\pom.xml.
2018-03-04 12:39:42,219 [Worker-21] WARN  o.e.m.c.i.embedder.EclipseLogger - The artifact org.apache.commons:commons-io:jar:1.3.2 has been relocated to commons-io:commons-io:jar:1.3.2
2018-03-04 12:39:42,220 [Worker-19] WARN  o.e.m.c.i.embedder.EclipseLogger - The artifact org.apache.commons:commons-io:jar:1.3.2 has been relocated to commons-io:commons-io:jar:1.3.2
2018-03-04 12:39:42,243 [Worker-21] INFO  o.e.m.c.i.l.LifecycleMappingFactory - Using NULL lifecycle mapping for MavenProject: com.taotao:taotao-manager:0.0.1-SNAPSHOT @ D:\GitHub\taotao\shopping\taotao-manager\pom.xml.
2018-03-04 12:39:42,321 [Worker-21] INFO  o.e.m.c.i.l.LifecycleMappingFactory - Using org.eclipse.m2e.jdt.JarLifecycleMapping lifecycle mapping for MavenProject: com.taotao:taotao-manager-pojo:0.0.1-SNAPSHOT @ E:\WorkSpace\Work\shopping\taotao-manager\taotao-manager-pojo\pom.xml.
2018-03-04 12:39:42,388 [Worker-21] INFO  o.e.m.c.i.l.LifecycleMappingFactory - Using org.eclipse.m2e.jdt.JarLifecycleMapping lifecycle mapping for MavenProject: com.taotao:taotao-manager-mapper:0.0.1-SNAPSHOT @ E:\WorkSpace\Work\shopping\taotao-manager\taotao-manager-mapper\pom.xml.
2018-03-04 12:39:42,523 [Worker-21] INFO  o.e.m.c.i.l.LifecycleMappingFactory - Using org.eclipse.m2e.jdt.JarLifecycleMapping lifecycle mapping for MavenProject: com.taotao:taotao-manager-service:0.0.1-SNAPSHOT @ E:\WorkSpace\Work\shopping\taotao-manager\taotao-manager-Service\pom.xml.
2018-03-04 12:39:42,693 [Worker-21] INFO  o.e.m.c.i.l.LifecycleMappingFactory - Using org.maven.ide.eclipse.wtp.WarLifecycleMapping lifecycle mapping for MavenProject: com.taotao:taotao-manager-web:0.0.1-SNAPSHOT @ E:\WorkSpace\Work\shopping\taotao-manager\taotao-manager-web\pom.xml.
2018-03-04 12:39:45,860 [Worker-3] WARN  o.e.m.c.i.embedder.EclipseLogger - The artifact org.apache.commons:commons-io:jar:1.3.2 has been relocated to commons-io:commons-io:jar:1.3.2
2018-03-04 12:39:46,030 [Worker-4] INFO  o.e.m.c.i.l.LifecycleMappingFactory - Using org.eclipse.m2e.jdt.JarLifecycleMapping lifecycle mapping for MavenProject: com.taotao:taotao-common:0.0.1-SNAPSHOT @ D:\GitHub\taotao\shopping\taotao-common\pom.xml.
2018-03-04 12:39:46,136 [Worker-4] WARN  o.e.m.c.i.embedder.EclipseLogger - The artifact org.apache.commons:commons-io:jar:1.3.2 has been relocated to commons-io:commons-io:jar:1.3.2
2018-03-04 12:39:46,160 [Worker-4] INFO  o.e.m.c.i.l.LifecycleMappingFactory - Using NULL lifecycle mapping for MavenProject: com.taotao:taotao-manager:0.0.1-SNAPSHOT @ D:\GitHub\taotao\shopping\taotao-manager\pom.xml.
2018-03-04 12:39:46,381 [Worker-4] INFO  o.e.m.c.i.l.LifecycleMappingFactory - Using org.eclipse.m2e.jdt.JarLifecycleMapping lifecycle mapping for MavenProject: com.taotao:taotao-manager-mapper:0.0.1-SNAPSHOT @ E:\WorkSpace\Work\shopping\taotao-manager\taotao-manager-mapper\pom.xml.
2018-03-04 12:39:46,391 [Worker-3] INFO  o.e.m.c.i.embedder.EclipseLogger - Using 'UTF-8' encoding to copy filtered resources.
2018-03-04 12:39:46,395 [Worker-3] INFO  o.e.m.c.i.embedder.EclipseLogger - Copying 0 resource
2018-03-04 12:39:46,397 [Worker-3] INFO  o.e.m.c.i.embedder.EclipseLogger - Using 'UTF-8' encoding to copy filtered resources.
2018-03-04 12:39:46,397 [Worker-3] INFO  o.e.m.c.i.embedder.EclipseLogger - Copying 0 resource
2018-03-04 12:39:46,510 [Worker-4] INFO  o.e.m.c.i.l.LifecycleMappingFactory - Using org.eclipse.m2e.jdt.JarLifecycleMapping lifecycle mapping for MavenProject: com.taotao:taotao-manager-pojo:0.0.1-SNAPSHOT @ E:\WorkSpace\Work\shopping\taotao-manager\taotao-manager-pojo\pom.xml.
2018-03-04 12:39:46,579 [Worker-4] INFO  o.e.m.c.i.l.LifecycleMappingFactory - Using org.eclipse.m2e.jdt.JarLifecycleMapping lifecycle mapping for MavenProject: com.taotao:taotao-manager-service:0.0.1-SNAPSHOT @ E:\WorkSpace\Work\shopping\taotao-manager\taotao-manager-Service\pom.xml.
2018-03-04 12:39:46,617 [Worker-3] INFO  o.e.m.c.i.embedder.EclipseLogger - Using 'UTF-8' encoding to copy filtered resources.
2018-03-04 12:39:46,618 [Worker-3] INFO  o.e.m.c.i.embedder.EclipseLogger - Copying 0 resource
2018-03-04 12:39:46,619 [Worker-3] INFO  o.e.m.c.i.embedder.EclipseLogger - Using 'UTF-8' encoding to copy filtered resources.
2018-03-04 12:39:46,619 [Worker-3] INFO  o.e.m.c.i.embedder.EclipseLogger - Copying 0 resource
2018-03-04 12:39:46,725 [Worker-4] INFO  o.e.m.c.i.l.LifecycleMappingFactory - Using org.maven.ide.eclipse.wtp.WarLifecycleMapping lifecycle mapping for MavenProject: com.taotao:taotao-manager-web:0.0.1-SNAPSHOT @ E:\WorkSpace\Work\shopping\taotao-manager\taotao-manager-web\pom.xml.
2018-03-04 12:39:46,805 [Worker-4] INFO  o.e.m.c.i.l.LifecycleMappingFactory - Using NULL lifecycle mapping for MavenProject: com.taotao:taotao-parent:0.0.1-SNAPSHOT @ D:\GitHub\taotao\shopping\taotao-parent\pom.xml.
2018-03-04 12:39:46,885 [Worker-3] INFO  o.e.m.c.i.embedder.EclipseLogger - Using 'UTF-8' encoding to copy filtered resources.
2018-03-04 12:39:46,885 [Worker-3] INFO  o.e.m.c.i.embedder.EclipseLogger - Copying 0 resource
2018-03-04 12:39:46,887 [Worker-3] INFO  o.e.m.c.i.embedder.EclipseLogger - Using 'UTF-8' encoding to copy filtered resources.
2018-03-04 12:39:46,887 [Worker-3] INFO  o.e.m.c.i.embedder.EclipseLogger - Copying 0 resource
2018-03-04 12:39:48,188 [Worker-17] WARN  o.e.m.c.i.embedder.EclipseLogger - The artifact org.apache.commons:commons-io:jar:1.3.2 has been relocated to commons-io:commons-io:jar:1.3.2
2018-03-04 12:39:48,213 [Worker-17] INFO  o.e.m.c.i.embedder.EclipseLogger - Using 'UTF-8' encoding to copy filtered resources.
2018-03-04 12:39:48,213 [Worker-17] INFO  o.e.m.c.i.embedder.EclipseLogger - Copying 0 resource
2018-03-04 12:39:48,214 [Worker-17] INFO  o.e.m.c.i.embedder.EclipseLogger - Using 'UTF-8' encoding to copy filtered resources.
2018-03-04 12:39:48,214 [Worker-17] INFO  o.e.m.c.i.embedder.EclipseLogger - Copying 0 resource
2018-03-04 12:39:48,357 [Worker-17] INFO  o.e.m.c.i.embedder.EclipseLogger - Using 'UTF-8' encoding to copy filtered resources.
2018-03-04 12:39:48,358 [Worker-17] INFO  o.e.m.c.i.embedder.EclipseLogger - Copying 0 resource
2018-03-04 12:39:48,359 [Worker-17] INFO  o.e.m.c.i.embedder.EclipseLogger - Using 'UTF-8' encoding to copy filtered resources.
2018-03-04 12:39:48,359 [Worker-17] INFO  o.e.m.c.i.embedder.EclipseLogger - Copying 0 resource
2018-03-04 12:39:48,562 [Worker-17] INFO  o.e.m.c.i.embedder.EclipseLogger - Using 'UTF-8' encoding to copy filtered resources.
2018-03-04 12:39:48,562 [Worker-17] INFO  o.e.m.c.i.embedder.EclipseLogger - Copying 0 resource
2018-03-04 12:39:48,563 [Worker-17] INFO  o.e.m.c.i.embedder.EclipseLogger - Using 'UTF-8' encoding to copy filtered resources.
2018-03-04 12:39:48,563 [Worker-17] INFO  o.e.m.c.i.embedder.EclipseLogger - Copying 0 resource
2018-03-04 12:39:48,812 [Worker-17] INFO  o.e.m.c.i.embedder.EclipseLogger - Using 'UTF-8' encoding to copy filtered resources.
2018-03-04 12:39:48,812 [Worker-17] INFO  o.e.m.c.i.embedder.EclipseLogger - Copying 0 resource
2018-03-04 12:39:48,813 [Worker-17] INFO  o.e.m.c.i.embedder.EclipseLogger - Using 'UTF-8' encoding to copy filtered resources.
2018-03-04 12:39:48,813 [Worker-17] INFO  o.e.m.c.i.embedder.EclipseLogger - Copying 0 resource
2018-03-04 12:39:49,093 [Worker-17] INFO  o.e.m.c.i.embedder.EclipseLogger - Using 'UTF-8' encoding to copy filtered resources.
2018-03-04 12:39:49,093 [Worker-17] INFO  o.e.m.c.i.embedder.EclipseLogger - Copying 0 resource
2018-03-04 12:39:49,094 [Worker-17] INFO  o.e.m.c.i.embedder.EclipseLogger - Using 'UTF-8' encoding to copy filtered resources.
2018-03-04 12:39:49,095 [Worker-17] INFO  o.e.m.c.i.embedder.EclipseLogger - Copying 0 resource
